2024-11-30 11:43:15.088  INFO 82400 --- [restartedMain] com.jbk.RecruitProApplication            : Starting RecruitProApplication using Java 21.0.1 on HPI5 with PID 82400 (C:\Advance Java Development\RecruitPro_lyst1732283617386\RecruitPro\target\classes started by 91906 in C:\Advance Java Development\RecruitPro_lyst1732283617386\RecruitPro)
2024-11-30 11:43:15.089  INFO 82400 --- [restartedMain] com.jbk.RecruitProApplication            : No active profile set, falling back to 1 default profile: "default"
2024-11-30 11:43:15.215  INFO 82400 --- [restartedMain] .s.d.r.c.RepositoryConfigurationDelegate : Bootstrapping Spring Data JPA repositories in DEFAULT mode.
2024-11-30 11:43:15.221  INFO 82400 --- [restartedMain] .s.d.r.c.RepositoryConfigurationDelegate : Finished Spring Data repository scanning in 5 ms. Found 0 JPA repository interfaces.
2024-11-30 11:43:15.315  INFO 82400 --- [restartedMain] o.s.b.w.embedded.tomcat.TomcatWebServer  : Tomcat initialized with port(s): 8091 (http)
2024-11-30 11:43:15.316  INFO 82400 --- [restartedMain] o.apache.catalina.core.StandardService   : Starting service [Tomcat]
2024-11-30 11:43:15.316  INFO 82400 --- [restartedMain] org.apache.catalina.core.StandardEngine  : Starting Servlet engine: [Apache Tomcat/9.0.82]
2024-11-30 11:43:15.340  INFO 82400 --- [restartedMain] o.a.c.c.C.[Tomcat].[localhost].[/]       : Initializing Spring embedded WebApplicationContext
2024-11-30 11:43:15.340  INFO 82400 --- [restartedMain] w.s.c.ServletWebServerApplicationContext : Root WebApplicationContext: initialization completed in 248 ms
2024-11-30 11:43:15.399  INFO 82400 --- [restartedMain] o.hibernate.jpa.internal.util.LogHelper  : HHH000204: Processing PersistenceUnitInfo [name: default]
2024-11-30 11:43:15.405  INFO 82400 --- [restartedMain] com.zaxxer.hikari.HikariDataSource       : HikariPool-5 - Starting...
2024-11-30 11:43:15.442  INFO 82400 --- [restartedMain] com.zaxxer.hikari.HikariDataSource       : HikariPool-5 - Start completed.
2024-11-30 11:43:15.442  INFO 82400 --- [restartedMain] org.hibernate.dialect.Dialect            : HHH000400: Using dialect: org.hibernate.dialect.MySQL8Dialect
2024-11-30 11:43:15.536  INFO 82400 --- [restartedMain] o.h.e.t.j.p.i.JtaPlatformInitiator       : HHH000490: Using JtaPlatform implementation: [org.hibernate.engine.transaction.jta.platform.internal.NoJtaPlatform]
2024-11-30 11:43:15.537  INFO 82400 --- [restartedMain] j.LocalContainerEntityManagerFactoryBean : Initialized JPA EntityManagerFactory for persistence unit 'default'
2024-11-30 11:43:15.604  WARN 82400 --- [restartedMain] JpaBaseConfiguration$JpaWebConfiguration : spring.jpa.open-in-view is enabled by default. Therefore, database queries may be performed during view rendering. Explicitly configure spring.jpa.open-in-view to disable this warning
2024-11-30 11:43:15.705  INFO 82400 --- [restartedMain] o.s.b.d.a.OptionalLiveReloadServer       : LiveReload server is running on port 35729
2024-11-30 11:43:15.713  INFO 82400 --- [restartedMain] o.s.b.w.embedded.tomcat.TomcatWebServer  : Tomcat started on port(s): 8091 (http) with context path ''
2024-11-30 11:43:15.715  INFO 82400 --- [restartedMain] com.jbk.RecruitProApplication            : Started RecruitProApplication in 0.648 seconds (JVM running for 669.823)
2024-11-30 11:43:15.716  INFO 82400 --- [restartedMain] .ConditionEvaluationDeltaLoggingListener : Condition evaluation unchanged
2024-11-30 11:47:32.308  INFO 82400 --- [File Watcher] rtingClassPathChangeChangedEventListener : Restarting due to 1 class path change (0 additions, 0 deletions, 1 modification)
2024-11-30 11:47:32.319  INFO 82400 --- [Thread-22] o.apache.catalina.core.StandardService   : Stopping service [Tomcat]
2024-11-30 11:47:32.329  INFO 82400 --- [Thread-22] j.LocalContainerEntityManagerFactoryBean : Closing JPA EntityManagerFactory for persistence unit 'default'
2024-11-30 11:47:32.334  INFO 82400 --- [Thread-22] com.zaxxer.hikari.HikariDataSource       : HikariPool-5 - Shutdown initiated...
2024-11-30 11:47:32.344  INFO 82400 --- [Thread-22] com.zaxxer.hikari.HikariDataSource       : HikariPool-5 - Shutdown completed.
2024-11-30 11:47:32.488  INFO 82400 --- [restartedMain] com.jbk.RecruitProApplication            : Starting RecruitProApplication using Java 21.0.1 on HPI5 with PID 82400 (C:\Advance Java Development\RecruitPro_lyst1732283617386\RecruitPro\target\classes started by 91906 in C:\Advance Java Development\RecruitPro_lyst1732283617386\RecruitPro)
2024-11-30 11:47:32.490  INFO 82400 --- [restartedMain] com.jbk.RecruitProApplication            : No active profile set, falling back to 1 default profile: "default"
2024-11-30 11:47:32.873  INFO 82400 --- [restartedMain] .s.d.r.c.RepositoryConfigurationDelegate : Bootstrapping Spring Data JPA repositories in DEFAULT mode.
2024-11-30 11:47:32.888  INFO 82400 --- [restartedMain] .s.d.r.c.RepositoryConfigurationDelegate : Finished Spring Data repository scanning in 14 ms. Found 0 JPA repository interfaces.
2024-11-30 11:47:33.050  INFO 82400 --- [restartedMain] o.s.b.w.embedded.tomcat.TomcatWebServer  : Tomcat initialized with port(s): 8091 (http)
2024-11-30 11:47:33.051  INFO 82400 --- [restartedMain] o.apache.catalina.core.StandardService   : Starting service [Tomcat]
2024-11-30 11:47:33.051  INFO 82400 --- [restartedMain] org.apache.catalina.core.StandardEngine  : Starting Servlet engine: [Apache Tomcat/9.0.82]
2024-11-30 11:47:33.107  INFO 82400 --- [restartedMain] o.a.c.c.C.[Tomcat].[localhost].[/]       : Initializing Spring embedded WebApplicationContext
2024-11-30 11:47:33.107  INFO 82400 --- [restartedMain] w.s.c.ServletWebServerApplicationContext : Root WebApplicationContext: initialization completed in 614 ms
2024-11-30 11:47:33.132  INFO 82400 --- [restartedMain] o.hibernate.jpa.internal.util.LogHelper  : HHH000204: Processing PersistenceUnitInfo [name: default]
2024-11-30 11:47:33.136  INFO 82400 --- [restartedMain] com.zaxxer.hikari.HikariDataSource       : HikariPool-6 - Starting...
2024-11-30 11:47:33.189  INFO 82400 --- [restartedMain] com.zaxxer.hikari.HikariDataSource       : HikariPool-6 - Start completed.
2024-11-30 11:47:33.190  INFO 82400 --- [restartedMain] org.hibernate.dialect.Dialect            : HHH000400: Using dialect: org.hibernate.dialect.MySQL8Dialect
2024-11-30 11:47:33.267  INFO 82400 --- [restartedMain] o.h.e.t.j.p.i.JtaPlatformInitiator       : HHH000490: Using JtaPlatform implementation: [org.hibernate.engine.transaction.jta.platform.internal.NoJtaPlatform]
2024-11-30 11:47:33.267  INFO 82400 --- [restartedMain] j.LocalContainerEntityManagerFactoryBean : Initialized JPA EntityManagerFactory for persistence unit 'default'
2024-11-30 11:47:33.328  WARN 82400 --- [restartedMain] JpaBaseConfiguration$JpaWebConfiguration : spring.jpa.open-in-view is enabled by default. Therefore, database queries may be performed during view rendering. Explicitly configure spring.jpa.open-in-view to disable this warning
2024-11-30 11:47:33.421  INFO 82400 --- [restartedMain] o.s.b.d.a.OptionalLiveReloadServer       : LiveReload server is running on port 35729
2024-11-30 11:47:33.428  INFO 82400 --- [restartedMain] o.s.b.w.embedded.tomcat.TomcatWebServer  : Tomcat started on port(s): 8091 (http) with context path ''
2024-11-30 11:47:33.430  INFO 82400 --- [restartedMain] com.jbk.RecruitProApplication            : Started RecruitProApplication in 0.999 seconds (JVM running for 927.54)
2024-11-30 11:47:33.431  INFO 82400 --- [restartedMain] .ConditionEvaluationDeltaLoggingListener : Condition evaluation unchanged
2024-11-30 11:48:06.778  INFO 82400 --- [http-nio-8091-exec-2] o.a.c.c.C.[Tomcat].[localhost].[/]       : Initializing Spring DispatcherServlet 'dispatcherServlet'
2024-11-30 11:48:06.779  INFO 82400 --- [http-nio-8091-exec-2] o.s.web.servlet.DispatcherServlet        : Initializing Servlet 'dispatcherServlet'
2024-11-30 11:48:06.782  INFO 82400 --- [http-nio-8091-exec-2] o.s.web.servlet.DispatcherServlet        : Completed initialization in 3 ms
2024-11-30 11:48:06.852  INFO 82400 --- [http-nio-8091-exec-2] com.jbk.aspects.LoginTimeAspects         : Execution Time=42
2024-11-30 11:50:59.697  INFO 82400 --- [http-nio-8091-exec-4] com.jbk.aspects.LoginTimeAspects         : Execution Time=15
2024-11-30 11:51:00.944  INFO 82400 --- [http-nio-8091-exec-6] com.jbk.aspects.LoginTimeAspects         : Execution Time=26
2024-11-30 11:51:01.898  INFO 82400 --- [http-nio-8091-exec-7] com.jbk.aspects.LoginTimeAspects         : Execution Time=32
2024-11-30 11:51:02.463  INFO 82400 --- [http-nio-8091-exec-8] com.jbk.aspects.LoginTimeAspects         : Execution Time=9
2024-11-30 11:51:02.927  INFO 82400 --- [http-nio-8091-exec-10] com.jbk.aspects.LoginTimeAspects         : Execution Time=35
